heap profile: 1: 384 [1: 384] @ heap/1048576
1: 384 [1: 384] @ 0x31bf7 0x2628f 0x2c3b0 0x2bf59 0x54132

# runtime.MemStats
# Alloc = 87480
# TotalAlloc = 87480
# Sys = 6326584
# Lookups = 5
# Mallocs = 211
# Frees = 0
# HeapAlloc = 87480
# HeapSys = 819200
# HeapIdle = 548864
# HeapInuse = 270336
# HeapReleased = 0
# HeapObjects = 211
# Stack = 229376 / 229376
# MSpan = 3584 / 16384
# MCache = 4832 / 16384
# BuckHashSys = 1442833
# NextGC = 4194304
# PauseNs = [0 0 0 0 0 0 0 0 0 0 0 0 0 0 0 0 0 0 0 0 0 0 0 0 0 0 0 0 0 0 0 0 0 0 0 0 0 0 0 0 0 0 0 0 0 0 0 0 0 0 0 0 0 0 0 0 0 0 0 0 0 0 0 0 0 0 0 0 0 0 0 0 0 0 0 0 0 0 0 0 0 0 0 0 0 0 0 0 0 0 0 0 0 0 0 0 0 0 0 0 0 0 0 0 0 0 0 0 0 0 0 0 0 0 0 0 0 0 0 0 0 0 0 0 0 0 0 0 0 0 0 0 0 0 0 0 0 0 0 0 0 0 0 0 0 0 0 0 0 0 0 0 0 0 0 0 0 0 0 0 0 0 0 0 0 0 0 0 0 0 0 0 0 0 0 0 0 0 0 0 0 0 0 0 0 0 0 0 0 0 0 0 0 0 0 0 0 0 0 0 0 0 0 0 0 0 0 0 0 0 0 0 0 0 0 0 0 0 0 0 0 0 0 0 0 0 0 0 0 0 0 0 0 0 0 0 0 0 0 0 0 0 0 0 0 0 0 0 0 0 0 0 0 0 0 0]
# NumGC = 0
# EnableGC = true
# DebugGC = false
